<?xml version="1.0" encoding="UTF-8"?>
<testsuite xmlns:xsi="http://www.w3.org/2001/XMLSchema-instance" xsi:noNamespaceSchemaLocation="https://maven.apache.org/surefire/maven-surefire-plugin/xsd/surefire-test-report.xsd" name="com.mycompany.app.AppTest" time="0.14" tests="1" errors="0" skipped="0" failures="0">
  <properties>
    <property name="sun.desktop" value="windows"/>
    <property name="awt.toolkit" value="sun.awt.windows.WToolkit"/>
    <property name="java.specification.version" value="12"/>
    <property name="sun.cpu.isalist" value="amd64"/>
    <property name="sun.jnu.encoding" value="Cp1252"/>
    <property name="java.class.path" value="C:\Users\vedant.das\Desktop\Maven\my-app\target\test-classes;C:\Users\vedant.das\Desktop\Maven\my-app\target\classes;C:\Users\vedant.das\.m2\repository\junit\junit\4.11\junit-4.11.jar;C:\Users\vedant.das\.m2\repository\org\hamcrest\hamcrest-core\1.3\hamcrest-core-1.3.jar;"/>
    <property name="java.vm.vendor" value="Oracle Corporation"/>
    <property name="sun.arch.data.model" value="64"/>
    <property name="user.variant" value=""/>
    <property name="java.vendor.url" value="https://java.oracle.com/"/>
    <property name="user.timezone" value="Asia/Calcutta"/>
    <property name="os.name" value="Windows 10"/>
    <property name="java.vm.specification.version" value="12"/>
    <property name="sun.java.launcher" value="SUN_STANDARD"/>
    <property name="user.country" value="US"/>
    <property name="sun.boot.library.path" value="C:\Program Files\Java\jdk-12.0.1\bin"/>
    <property name="sun.java.command" value="C:\Users\vedant.das\AppData\Local\Temp\surefire4350411930568009232\surefirebooter10235908405698676551.jar C:\Users\vedant.das\AppData\Local\Temp\surefire4350411930568009232 2019-07-18T13-21-13_003-jvmRun1 surefire10647075061079222759tmp surefire_07420751698081067759tmp"/>
    <property name="jdk.debug" value="release"/>
    <property name="surefire.test.class.path" value="C:\Users\vedant.das\Desktop\Maven\my-app\target\test-classes;C:\Users\vedant.das\Desktop\Maven\my-app\target\classes;C:\Users\vedant.das\.m2\repository\junit\junit\4.11\junit-4.11.jar;C:\Users\vedant.das\.m2\repository\org\hamcrest\hamcrest-core\1.3\hamcrest-core-1.3.jar;"/>
    <property name="sun.cpu.endian" value="little"/>
    <property name="user.home" value="C:\Users\vedant.das"/>
    <property name="user.language" value="en"/>
    <property name="java.specification.vendor" value="Oracle Corporation"/>
    <property name="java.version.date" value="2019-04-16"/>
    <property name="java.home" value="C:\Program Files\Java\jdk-12.0.1"/>
    <property name="file.separator" value="\"/>
    <property name="basedir" value="C:\Users\vedant.das\Desktop\Maven\my-app"/>
    <property name="java.vm.compressedOopsMode" value="32-bit"/>
    <property name="line.separator" value="&#10;"/>
    <property name="java.vm.specification.vendor" value="Oracle Corporation"/>
    <property name="java.specification.name" value="Java Platform API Specification"/>
    <property name="java.awt.graphicsenv" value="sun.awt.Win32GraphicsEnvironment"/>
    <property name="surefire.real.class.path" value="C:\Users\vedant.das\AppData\Local\Temp\surefire4350411930568009232\surefirebooter10235908405698676551.jar"/>
    <property name="user.script" value=""/>
    <property name="sun.management.compiler" value="HotSpot 64-Bit Tiered Compilers"/>
    <property name="java.runtime.version" value="12.0.1+12"/>
    <property name="user.name" value="vedant.das"/>
    <property name="path.separator" value=";"/>
    <property name="os.version" value="10.0"/>
    <property name="java.runtime.name" value="Java(TM) SE Runtime Environment"/>
    <property name="file.encoding" value="Cp1252"/>
    <property name="java.vm.name" value="Java HotSpot(TM) 64-Bit Server VM"/>
    <property name="localRepository" value="C:\Users\vedant.das\.m2\repository"/>
    <property name="java.vendor.url.bug" value="https://bugreport.java.com/bugreport/"/>
    <property name="java.io.tmpdir" value="C:\Users\vedant.das\AppData\Local\Temp\"/>
    <property name="java.version" value="12.0.1"/>
    <property name="user.dir" value="C:\Users\vedant.das\Desktop\Maven\my-app"/>
    <property name="os.arch" value="amd64"/>
    <property name="java.vm.specification.name" value="Java Virtual Machine Specification"/>
    <property name="sun.os.patch.level" value=""/>
    <property name="java.library.path" value="C:\Program Files\Java\jdk-12.0.1\bin;C:\WINDOWS\Sun\Java\bin;C:\WINDOWS\system32;C:\WINDOWS;C:\Users\vedant.das\bin;C:\Users\vedant.das\AppData\Local\Programs\Git\mingw64\bin;C:\Users\vedant.das\AppData\Local\Programs\Git\usr\local\bin;C:\Users\vedant.das\AppData\Local\Programs\Git\usr\bin;C:\Users\vedant.das\AppData\Local\Programs\Git\usr\bin;C:\Users\vedant.das\AppData\Local\Programs\Git\mingw64\bin;C:\Users\vedant.das\AppData\Local\Programs\Git\usr\bin;C:\Users\vedant.das\bin;C:\Program Files (x86)\Common Files\Oracle\Java\javapath;C:\WINDOWS\system32;C:\WINDOWS;C:\WINDOWS\System32\Wbem;C:\WINDOWS\System32\WindowsPowerShell\v1.0;C:\Program Files (x86)\Symantec\VIP Access Client;C:\WINDOWS\System32\OpenSSH;C:\Users\vedant.das\AppData\Local\Programs\Python\Python37-32;C:\Users\vedant.das\AppData\Local\Programs\Python\Python37-32\Scripts;C:\Program Files\nodejs;C:\PROGRA~2\Groovy\GROOVY~1.0\bin;C:\Program Files\Java\jdk-12.0.1\bin;C:\Program Files\Java\jre1.8.0_211\bin;C:\apache-maven-3.6.1\bin;C:\Users\vedant.das\AppData\Local\Continuum\anaconda3;C:\Users\vedant.das\AppData\Local\Continuum\anaconda3\Library\mingw-w64\bin;C:\Users\vedant.das\AppData\Local\Continuum\anaconda3\Library\usr\bin;C:\Users\vedant.das\AppData\Local\Continuum\anaconda3\Library\bin;C:\Users\vedant.das\AppData\Local\Continuum\anaconda3\Scripts;C:\Users\vedant.das\AppData\Local\Microsoft\WindowsApps;C:\Users\vedant.das\AppData\Local\Programs\Microsoft VS Code\bin;C:\Users\vedant.das\AppData\Roaming\npm;C:\Users\vedant.das\AppData\Local\Programs\Git\cmd;C:\Users\vedant.das\AppData\Local\Programs\Git\mingw64\bin;C:\Users\vedant.das\AppData\Local\Programs\Git\usr\bin;C:\Users\vedant.das\AppData\Local\Programs\Git\usr\bin\vendor_perl;C:\Users\vedant.das\AppData\Local\Programs\Git\usr\bin\core_perl;."/>
    <property name="java.vm.info" value="mixed mode, sharing"/>
    <property name="java.vendor" value="Oracle Corporation"/>
    <property name="java.vm.version" value="12.0.1+12"/>
    <property name="sun.io.unicode.encoding" value="UnicodeLittle"/>
    <property name="java.class.version" value="56.0"/>
  </properties>
  <testcase name="shouldAnswerWithTrue" classname="com.mycompany.app.AppTest" time="0.008"/>
</testsuite>